-------------------------------------------------------------------------------
Test set: com.ensta.rentmanager.service.ClientServiceTest
-------------------------------------------------------------------------------
Tests run: 1, Failures: 0, Errors: 1, Skipped: 0, Time elapsed: 0.488 s <<< FAILURE! - in com.ensta.rentmanager.service.ClientServiceTest
initializationError(com.ensta.rentmanager.service.ClientServiceTest)  Time elapsed: 0.01 s  <<< ERROR!
org.mockito.exceptions.base.MockitoException: 


No tests found in ClientServiceTest
Is the method annotated with @Test?
Is the method public?

Caused by: java.lang.reflect.InvocationTargetException
Caused by: org.junit.runners.model.InitializationError

