<?xml version="1.0" encoding="UTF-8"?>
<testsuite xmlns:xsi="http://www.w3.org/2001/XMLSchema-instance" xsi:noNamespaceSchemaLocation="https://maven.apache.org/surefire/maven-surefire-plugin/xsd/surefire-test-report.xsd" name="com.ensta.rentmanager.service.ClientServiceTest" time="0.488" tests="1" errors="1" skipped="0" failures="0">
  <properties>
[...]
</properties>
  <testcase name="initializationError" classname="com.ensta.rentmanager.service.ClientServiceTest" time="0.01">
    <error message="&#10;&#10;No tests found in ClientServiceTest&#10;Is the method annotated with @Test?&#10;Is the method public?&#10;" type="org.mockito.exceptions.base.MockitoException">org.mockito.exceptions.base.MockitoException: 


No tests found in ClientServiceTest
Is the method annotated with @Test?
Is the method public?

Caused by: java.lang.reflect.InvocationTargetException
Caused by: org.junit.runners.model.InitializationError
</error>
  </testcase>
</testsuite>